19:18:48.954 INFO [GridLauncherV3.parse] - Selenium server version: 3.141.59, revision: e82be7d358
19:18:49.068 INFO [GridLauncherV3.lambda$buildLaunchers$3] - Launching a standalone Selenium Server on port 4444
2021-01-19 19:18:49.203:INFO::main: Logging initialized @1187ms to org.seleniumhq.jetty9.util.log.StdErrLog
19:18:49.576 INFO [WebDriverServlet.<init>] - Initialising WebDriverServlet
19:18:49.828 INFO [SeleniumServer.boot] - Selenium Server is up and running on port 4444
19:19:05.050 INFO [ActiveSessionFactory.apply] - Capabilities are: {
  "acceptSslCerts": true,
  "browserName": "firefox",
  "javascriptEnabled": true,
  "marionette": true,
  "name": "Register"
}
19:19:05.055 INFO [ActiveSessionFactory.lambda$apply$11] - Matched factory org.openqa.selenium.grid.session.remote.ServicedSession$Factory (provider: org.openqa.selenium.firefox.GeckoDriverService)
1611094745273	geckodriver	INFO	Listening on 127.0.0.1:49043
1611094746185	mozrunner::runner	INFO	Running command: "C:\\Program Files\\Mozilla Firefox\\firefox.exe" "--marionette" "-foreground" "-no-remote" "-profile" "C:\\Users\\matan\\AppData\\Local\\Temp\\rust_mozprofileQJ6Mv4"
Can't find symbol 'eglSwapBuffersWithDamageEXT'.
Can't find symbol 'eglSetDamageRegionKHR'.
console.warn: SearchSettings: "get: No settings file exists, new profile?" (new Error("", "(unknown module)"))
1611094754067	Marionette	INFO	Listening on port 65052
19:19:14.290 INFO [ProtocolHandshake.createSession] - Detected dialect: W3C
19:19:14.382 INFO [RemoteSession$Factory.lambda$performHandshake$0] - Started new session a8fb1b0d-1708-4e10-a0b5-1590648160e6 (org.openqa.selenium.firefox.GeckoDriverService)
1611094768050	Marionette	INFO	Stopped listening on port 65052

###!!! [Child][MessageChannel] Error: (msgtype=0xB60006,name=PWebSocket::Msg_DeleteSelf) Channel closing: too late to send/recv, messages will be lost


###!!! [Child][RunMessage] Error: Channel closing: too late to send/recv, messages will be lost

19:19:30.896 INFO [ActiveSessions$1.onStop] - Removing session a8fb1b0d-1708-4e10-a0b5-1590648160e6 (org.openqa.selenium.firefox.GeckoDriverService)
